# JRE version: OpenJDK Runtime Environment Temurin-21.0.7+6 (21.0.7+6) (build 21.0.7+6-LTS)
# Java VM: OpenJDK 64-Bit Server VM Temurin-21.0.7+6 (21.0.7+6-LTS, mixed mode, sharing, tiered, compressed oops, compressed class ptrs, g1 gc, windows-amd64)
GC Precious Log:
 CardTable entry size: 512
 Card Set container configuration: InlinePtr #cards 5 size 8 Array Of Cards #cards 12 size 40 Howl #buckets 4 coarsen threshold 1843 Howl Bitmap #cards 512 size 80 coarsen threshold 460 Card regions per heap region 1 cards per card region 2048
 CPUs: 16 total, 16 available
 Memory: 5828M
 Large Page Support: Disabled
 NUMA Support: Disabled
 Compressed Oops: Enabled (32-bit)
 Heap Region Size: 1M
 Heap Min Capacity: 8M
 Heap Initial Capacity: 8M
 Heap Max Capacity: 1458M
 Pre-touch: Disabled
 Parallel Workers: 13
 Concurrent Workers: 3
 Concurrent Refinement Workers: 13
 Periodic GC: Disabled
Heap:
 garbage-first heap   total 10240K, used 4312K [0x00000000a4e00000, 0x0000000100000000)
  region size 1024K, 1 young (1024K), 1 survivors (1024K)
 Metaspace       used 8716K, committed 8896K, reserved 1114112K
  class space    used 966K, committed 1024K, reserved 1048576K
GC Heap History (17 events):
Event: 0.359 GC heap before
{Heap before GC invocations=0 (full 0):
 garbage-first heap   total 8192K, used 3072K [0x00000000a4e00000, 0x0000000100000000)
  region size 1024K, 3 young (3072K), 0 survivors (0K)
 Metaspace       used 3036K, committed 3264K, reserved 1114112K
  class space    used 381K, committed 512K, reserved 1048576K
}
Event: 0.367 GC heap after
{Heap after GC invocations=1 (full 0):
 garbage-first heap   total 8192K, used 1232K [0x00000000a4e00000, 0x0000000100000000)
  region size 1024K, 1 young (1024K), 1 survivors (1024K)
 Metaspace       used 3036K, committed 3264K, reserved 1114112K
  class space    used 381K, committed 512K, reserved 1048576K
}
Event: 0.496 GC heap before
{Heap before GC invocations=1 (full 0):
 garbage-first heap   total 8192K, used 2256K [0x00000000a4e00000, 0x0000000100000000)
  region size 1024K, 2 young (2048K), 1 survivors (1024K)
 Metaspace       used 5532K, committed 5760K, reserved 1114112K
  class space    used 671K, committed 768K, reserved 1048576K
}
Event: 0.499 GC heap after
{Heap after GC invocations=2 (full 0):
 garbage-first heap   total 8192K, used 1907K [0x00000000a4e00000, 0x0000000100000000)
  region size 1024K, 1 young (1024K), 1 survivors (1024K)
 Metaspace       used 5532K, committed 5760K, reserved 1114112K
  class space    used 671K, committed 768K, reserved 1048576K
}
Event: 0.617 GC heap before
{Heap before GC invocations=2 (full 0):
 garbage-first heap   total 8192K, used 2931K [0x00000000a4e00000, 0x0000000100000000)
  region size 1024K, 2 young (2048K), 1 survivors (1024K)
 Metaspace       used 7241K, committed 7360K, reserved 1114112K
  class space    used 842K, committed 896K, reserved 1048576K
}
Event: 0.619 GC heap after
{Heap after GC invocations=3 (full 0):
 garbage-first heap   total 8192K, used 2366K [0x00000000a4e00000, 0x0000000100000000)
  region size 1024K, 1 young (1024K), 1 survivors (1024K)
 Metaspace       used 7241K, committed 7360K, reserved 1114112K
  class space    used 842K, committed 896K, reserved 1048576K
}
Event: 0.714 GC heap before
{Heap before GC invocations=3 (full 0):
 garbage-first heap   total 8192K, used 3390K [0x00000000a4e00000, 0x0000000100000000)
  region size 1024K, 2 young (2048K), 1 survivors (1024K)
 Metaspace       used 8215K, committed 8384K, reserved 1114112K
  class space    used 929K, committed 1024K, reserved 1048576K
}
Event: 0.716 GC heap after
{Heap after GC invocations=4 (full 0):
 garbage-first heap   total 8192K, used 2824K [0x00000000a4e00000, 0x0000000100000000)
  region size 1024K, 1 young (1024K), 1 survivors (1024K)
 Metaspace       used 8215K, committed 8384K, reserved 1114112K
  class space    used 929K, committed 1024K, reserved 1048576K
}
Event: 0.774 GC heap before
{Heap before GC invocations=4 (full 0):
 garbage-first heap   total 8192K, used 3848K [0x00000000a4e00000, 0x0000000100000000)
  region size 1024K, 2 young (2048K), 1 survivors (1024K)
 Metaspace       used 8437K, committed 8576K, reserved 1114112K
  class space    used 957K, committed 1024K, reserved 1048576K
}
Event: 0.778 GC heap after
{Heap after GC invocations=5 (full 0):
 garbage-first heap   total 10240K, used 3345K [0x00000000a4e00000, 0x0000000100000000)
  region size 1024K, 1 young (1024K), 1 survivors (1024K)
 Metaspace       used 8437K, committed 8576K, reserved 1114112K
  class space    used 957K, committed 1024K, reserved 1048576K
}
Event: 0.846 GC heap before
{Heap before GC invocations=5 (full 0):
 garbage-first heap   total 10240K, used 5393K [0x00000000a4e00000, 0x0000000100000000)
  region size 1024K, 3 young (3072K), 1 survivors (1024K)
 Metaspace       used 8657K, committed 8832K, reserved 1114112K
  class space    used 966K, committed 1024K, reserved 1048576K
}
Event: 0.848 GC heap after
{Heap after GC invocations=6 (full 0):
 garbage-first heap   total 10240K, used 3606K [0x00000000a4e00000, 0x0000000100000000)
  region size 1024K, 1 young (1024K), 1 survivors (1024K)
 Metaspace       used 8657K, committed 8832K, reserved 1114112K
  class space    used 966K, committed 1024K, reserved 1048576K
}
Event: 0.882 GC heap before
{Heap before GC invocations=6 (full 0):
 garbage-first heap   total 10240K, used 5654K [0x00000000a4e00000, 0x0000000100000000)
  region size 1024K, 3 young (3072K), 1 survivors (1024K)
 Metaspace       used 8691K, committed 8896K, reserved 1114112K
  class space    used 966K, committed 1024K, reserved 1048576K
}
Event: 0.884 GC heap after
{Heap after GC invocations=7 (full 0):
 garbage-first heap   total 10240K, used 3799K [0x00000000a4e00000, 0x0000000100000000)
  region size 1024K, 1 young (1024K), 1 survivors (1024K)
 Metaspace       used 8691K, committed 8896K, reserved 1114112K
  class space    used 966K, committed 1024K, reserved 1048576K
}
Event: 0.902 GC heap before
{Heap before GC invocations=7 (full 0):
 garbage-first heap   total 10240K, used 5847K [0x00000000a4e00000, 0x0000000100000000)
  region size 1024K, 3 young (3072K), 1 survivors (1024K)
 Metaspace       used 8698K, committed 8896K, reserved 1114112K
  class space    used 966K, committed 1024K, reserved 1048576K
}
Event: 0.904 GC heap after
{Heap after GC invocations=8 (full 0):
 garbage-first heap   total 10240K, used 4039K [0x00000000a4e00000, 0x0000000100000000)
  region size 1024K, 1 young (1024K), 1 survivors (1024K)
 Metaspace       used 8698K, committed 8896K, reserved 1114112K
  class space    used 966K, committed 1024K, reserved 1048576K
}
Event: 0.920 GC heap before
{Heap before GC invocations=8 (full 0):
 garbage-first heap   total 10240K, used 6087K [0x00000000a4e00000, 0x0000000100000000)
  region size 1024K, 3 young (3072K), 1 survivors (1024K)
 Metaspace       used 8716K, committed 8896K, reserved 1114112K
  class space    used 966K, committed 1024K, reserved 1048576K
}

